<?xml version="1.0" encoding="UTF-8"?>
<!-- Generated by org.testng.reporters.JUnitReportReporter -->
<testsuite hostname="mattibharath" failures="0" tests="1" name="Learning.AppInstallationTest" time="5.266" errors="1" timestamp="2024-06-25T11:04:56 IST" skipped="0">
  <testcase classname="Learning.AppInstallationTest" name="instrallation_Test" time="5.266">
    <error message="Could not start a new session. Response code 500. Message: An unknown server-side error occurred while processing the command. Original error: Error executing adbExec. Original error: &#039;Command &#039;C:\\Users\\bhara\\AppData\\Local\\Android\\Sdk\\platform-tools\\adb.exe -P 5037 -s 611e80f install C:\\Users\\bhara\\Downloads\\com.davemorrissey.labs.subscaleview.sample.apk&#039; exited with code 1&#039;; Command output: adb: failed to install C:\Users\bhara\Downloads\com.davemorrissey.labs.subscaleview.sample.apk: Failure [INSTALL_FAILED_DEPRECATED_SDK_VERSION: App package must target at least SDK version 23, but found 14]
 
Host info: host: &#039;MATTIBHARATH&#039;, ip: &#039;192.168.12.12&#039;
Build info: version: &#039;4.13.0&#039;, revision: &#039;ba948ece5b*&#039;
System info: os.name: &#039;Windows 11&#039;, os.arch: &#039;amd64&#039;, os.version: &#039;10.0&#039;, java.version: &#039;17.0.6&#039;
Driver info: io.appium.java_client.android.AndroidDriver
Command: [null, newSession {capabilities=[{appium:app=C:\Users\bhara\Downloads\com.davemorrissey.labs.subscaleview.sample.apk, appium:autoGrantPermission=true, appium:automationName=uiAutomator2, appium:deviceName=onePlus, appium:ignoreHiddenApiPolicyError=true, appium:noReset=true, platformName=ANDROID, appium:uidi=611e80f}], desiredCapabilities=Capabilities {app: C:\Users\bhara\Downloads\co..., autoGrantPermission: true, automationName: uiAutomator2, deviceName: onePlus, ignoreHiddenApiPolicyError: true, noReset: true, platformName: ANDROID, uidi: 611e80f}}]
Capabilities {app: C:\Users\bhara\Downloads\co..., autoGrantPermission: true, automationName: uiAutomator2, deviceName: onePlus, ignoreHiddenApiPolicyError: true, noReset: true, platformName: ANDROID, uidi: 611e80f}" type="org.openqa.selenium.SessionNotCreatedException">
      <![CDATA[org.openqa.selenium.SessionNotCreatedException: Could not start a new session. Response code 500. Message: An unknown server-side error occurred while processing the command. Original error: Error executing adbExec. Original error: 'Command 'C:\\Users\\bhara\\AppData\\Local\\Android\\Sdk\\platform-tools\\adb.exe -P 5037 -s 611e80f install C:\\Users\\bhara\\Downloads\\com.davemorrissey.labs.subscaleview.sample.apk' exited with code 1'; Command output: adb: failed to install C:\Users\bhara\Downloads\com.davemorrissey.labs.subscaleview.sample.apk: Failure [INSTALL_FAILED_DEPRECATED_SDK_VERSION: App package must target at least SDK version 23, but found 14]
 
Host info: host: 'MATTIBHARATH', ip: '192.168.12.12'
Build info: version: '4.13.0', revision: 'ba948ece5b*'
System info: os.name: 'Windows 11', os.arch: 'amd64', os.version: '10.0', java.version: '17.0.6'
Driver info: io.appium.java_client.android.AndroidDriver
Command: [null, newSession {capabilities=[{appium:app=C:\Users\bhara\Downloads\com.davemorrissey.labs.subscaleview.sample.apk, appium:autoGrantPermission=true, appium:automationName=uiAutomator2, appium:deviceName=onePlus, appium:ignoreHiddenApiPolicyError=true, appium:noReset=true, platformName=ANDROID, appium:uidi=611e80f}], desiredCapabilities=Capabilities {app: C:\Users\bhara\Downloads\co..., autoGrantPermission: true, automationName: uiAutomator2, deviceName: onePlus, ignoreHiddenApiPolicyError: true, noReset: true, platformName: ANDROID, uidi: 611e80f}}]
Capabilities {app: C:\Users\bhara\Downloads\co..., autoGrantPermission: true, automationName: uiAutomator2, deviceName: onePlus, ignoreHiddenApiPolicyError: true, noReset: true, platformName: ANDROID, uidi: 611e80f}
at org.openqa.selenium.remote.ProtocolHandshake.createSession(ProtocolHandshake.java:140)
at java.base/jdk.internal.reflect.NativeMethodAccessorImpl.invoke0(Native Method)
at java.base/jdk.internal.reflect.NativeMethodAccessorImpl.invoke(NativeMethodAccessorImpl.java:77)
at java.base/jdk.internal.reflect.DelegatingMethodAccessorImpl.invoke(DelegatingMethodAccessorImpl.java:43)
at java.base/java.lang.reflect.Method.invoke(Method.java:568)
at io.appium.java_client.remote.AppiumProtocolHandshake.createSession(AppiumProtocolHandshake.java:133)
at io.appium.java_client.remote.AppiumProtocolHandshake.createSession(AppiumProtocolHandshake.java:102)
at io.appium.java_client.remote.AppiumCommandExecutor.createSession(AppiumCommandExecutor.java:182)
at io.appium.java_client.remote.AppiumCommandExecutor.execute(AppiumCommandExecutor.java:250)
at org.openqa.selenium.remote.RemoteWebDriver.execute(RemoteWebDriver.java:602)
at io.appium.java_client.AppiumDriver.startSession(AppiumDriver.java:274)
at org.openqa.selenium.remote.RemoteWebDriver.<init>(RemoteWebDriver.java:163)
at io.appium.java_client.AppiumDriver.<init>(AppiumDriver.java:89)
at io.appium.java_client.AppiumDriver.<init>(AppiumDriver.java:101)
at io.appium.java_client.android.AndroidDriver.<init>(AndroidDriver.java:113)
at Learning.AppInstallationTest.instrallation_Test(AppInstallationTest.java:30)
at java.base/jdk.internal.reflect.NativeMethodAccessorImpl.invoke0(Native Method)
at java.base/jdk.internal.reflect.NativeMethodAccessorImpl.invoke(NativeMethodAccessorImpl.java:77)
at java.base/jdk.internal.reflect.DelegatingMethodAccessorImpl.invoke(DelegatingMethodAccessorImpl.java:43)
at java.base/java.lang.reflect.Method.invoke(Method.java:568)
at org.testng.internal.invokers.MethodInvocationHelper.invokeMethod(MethodInvocationHelper.java:139)
at org.testng.internal.invokers.TestInvoker.invokeMethod(TestInvoker.java:677)
at org.testng.internal.invokers.TestInvoker.invokeTestMethod(TestInvoker.java:221)
at org.testng.internal.invokers.MethodRunner.runInSequence(MethodRunner.java:50)
at org.testng.internal.invokers.TestInvoker$MethodInvocationAgent.invoke(TestInvoker.java:969)
at org.testng.internal.invokers.TestInvoker.invokeTestMethods(TestInvoker.java:194)
at org.testng.internal.invokers.TestMethodWorker.invokeTestMethods(TestMethodWorker.java:148)
at org.testng.internal.invokers.TestMethodWorker.run(TestMethodWorker.java:128)
at java.base/java.util.ArrayList.forEach(ArrayList.java:1511)
at org.testng.TestRunner.privateRun(TestRunner.java:829)
at org.testng.TestRunner.run(TestRunner.java:602)
at org.testng.SuiteRunner.runTest(SuiteRunner.java:437)
at org.testng.SuiteRunner.runSequentially(SuiteRunner.java:431)
at org.testng.SuiteRunner.privateRun(SuiteRunner.java:391)
at org.testng.SuiteRunner.run(SuiteRunner.java:330)
at org.testng.SuiteRunnerWorker.runSuite(SuiteRunnerWorker.java:52)
at org.testng.SuiteRunnerWorker.run(SuiteRunnerWorker.java:95)
at org.testng.TestNG.runSuitesSequentially(TestNG.java:1256)
at org.testng.TestNG.runSuitesLocally(TestNG.java:1176)
at org.testng.TestNG.runSuites(TestNG.java:1099)
at org.testng.TestNG.run(TestNG.java:1067)
at org.testng.remote.AbstractRemoteTestNG.run(AbstractRemoteTestNG.java:115)
at org.testng.remote.RemoteTestNG.initAndRun(RemoteTestNG.java:251)
at org.testng.remote.RemoteTestNG.main(RemoteTestNG.java:77)
]]>
    </error>
  </testcase> <!-- instrallation_Test -->
  <system-out/>
</testsuite> <!-- Learning.AppInstallationTest -->
